#-----------------------------------------------------------
# Vivado v2020.1 (64-bit)
# SW Build 2902540 on Wed May 27 19:54:49 MDT 2020
# IP Build 2902112 on Wed May 27 22:43:36 MDT 2020
# Start of session at: Wed Feb 22 12:48:07 2023
# Process ID: 11892
# Current directory: C:/Users/86173/Documents/code/vivado/Exp6
# Command line: vivado.exe -gui_launcher_event rodinguilauncherevent21788 C:\Users\86173\Documents\code\vivado\Exp6\Exp6.xpr
# Log file: C:/Users/86173/Documents/code/vivado/Exp6/vivado.log
# Journal file: C:/Users/86173/Documents/code/vivado/Exp6\vivado.jou
#-----------------------------------------------------------
start_gui
open_project C:/Users/86173/Documents/code/vivado/Exp6/Exp6.xpr
Scanning sources...
Finished scanning sources
INFO: [IP_Flow 19-234] Refreshing IP repositories
INFO: [IP_Flow 19-1704] No user IP repositories specified
INFO: [IP_Flow 19-2313] Loaded Vivado IP repository 'C:/Xilinx/Vivado/2020.1/data/ip'.
WARNING: [IP_Flow 19-2162] IP 'multiplier' is locked:
* IP definition 'Multiplier (12.0)' for IP 'multiplier' (customized with software release 2018.2) has a different revision in the IP Catalog.
WARNING: [IP_Flow 19-2162] IP 'divider' is locked:
* IP definition 'Divider Generator (5.1)' for IP 'divider' (customized with software release 2018.2) has a different revision in the IP Catalog.
open_project: Time (s): cpu = 00:00:14 ; elapsed = 00:00:07 . Memory (MB): peak = 1033.207 ; gain = 0.000
update_compile_order -fileset sources_1
reset_run synth_1
reset_run divider_synth_1
launch_runs impl_1 -to_step write_bitstream -jobs 8
WARNING: [Vivado 12-4801] The synthesis checkpoint for IP 'C:/Users/86173/Documents/code/vivado/Exp6/Exp6.srcs/sources_1/ip/multiplier/multiplier.xci' is available but stale and the IP is locked. An out-of-context (OOC) run will be created and/or launched, but synthesis may not be able to complete or could result in incorrect behavior.
Please select 'Report IP Status' from the 'Tools/Report' menu or run Tcl command 'report_ip_status' for more information.
WARNING: [Project 1-577] IP run divider_synth_1 is available but is out of date. Since the IP is locked, the synthesis checkpoint cannot be updated. The out-of-date checkpoint will be used and it may result in incorrect behavior.
Please select 'Report IP Status' from the 'Tools/Report' menu or run the Tcl command 'report_ip_status' for more information.
WARNING: [Runs 36-337] The following IPs are either missing output products or output products are not up-to-date for Synthesis target. Since these IPs are locked, no update to the output products can be done. 
Please select 'Report IP Status' from the 'Tools/Report' menu or run Tcl command 'report_ip_status' for more information.
C:/Users/86173/Documents/code/vivado/Exp6/Exp6.srcs/sources_1/ip/divider/divider.xci

WARNING: [Runs 36-337] The following IPs are either missing output products or output products are not up-to-date for Synthesis target. Since these IPs are locked, no update to the output products can be done. 
Please select 'Report IP Status' from the 'Tools/Report' menu or run Tcl command 'report_ip_status' for more information.
C:/Users/86173/Documents/code/vivado/Exp6/Exp6.srcs/sources_1/ip/multiplier/multiplier.xci

WARNING: [Project 1-576] IP 'C:/Users/86173/Documents/code/vivado/Exp6/Exp6.srcs/sources_1/ip/divider/divider.xci' in run divider_synth_1 is locked, no out-of-context (OOC) run will be launched. The run may not be able to complete.
Please select 'Report IP Status' from 'Tools/Report' or run the Tcl command 'report_ip_status' for more information.
[Wed Feb 22 12:49:09 2023] Launched divider_synth_1, synth_1...
Run output will be captured here:
divider_synth_1: C:/Users/86173/Documents/code/vivado/Exp6/Exp6.runs/divider_synth_1/runme.log
synth_1: C:/Users/86173/Documents/code/vivado/Exp6/Exp6.runs/synth_1/runme.log
[Wed Feb 22 12:49:09 2023] Launched impl_1...
Run output will be captured here: C:/Users/86173/Documents/code/vivado/Exp6/Exp6.runs/impl_1/runme.log
exit
INFO: [Common 17-206] Exiting Vivado at Wed Feb 22 12:54:44 2023...
